TN:
SF:src/app.ts
FNF:0
FNH:0
DA:1,1
DA:2,1
DA:3,1
DA:4,1
DA:5,1
DA:6,1
DA:7,1
DA:8,1
DA:9,1
DA:10,1
DA:11,1
DA:12,1
DA:13,1
DA:14,1
LF:14
LH:14
BRF:0
BRH:0
end_of_record
TN:
SF:src/database.ts
FNF:0
FNH:0
DA:1,1
DA:2,1
DA:3,1
DA:4,1
LF:4
LH:4
BRF:0
BRH:0
end_of_record
TN:
SF:src/controllers/recommendationController.ts
FN:6,insert
FN:17,upvote
FN:25,downvote
FN:33,random
FN:39,get
FN:44,getTop
FN:51,getById
FNF:7
FNH:7
FNDA:4,insert
FNDA:2,upvote
FNDA:4,downvote
FNDA:5,random
FNDA:1,get
FNDA:2,getTop
FNDA:2,getById
DA:1,1
DA:2,1
DA:3,1
DA:4,1
DA:5,1
DA:6,4
DA:7,4
DA:8,4
DA:9,1
DA:10,1
DA:11,3
DA:12,3
DA:13,2
DA:14,2
DA:15,2
DA:16,1
DA:17,2
DA:18,2
DA:19,2
DA:20,2
DA:21,1
DA:22,1
DA:23,1
DA:24,1
DA:25,4
DA:26,4
DA:27,4
DA:28,4
DA:29,2
DA:30,2
DA:31,2
DA:32,1
DA:33,5
DA:34,5
DA:35,4
DA:36,4
DA:37,4
DA:38,1
DA:39,1
DA:40,1
DA:41,1
DA:42,1
DA:43,1
DA:44,2
DA:45,2
DA:46,2
DA:47,2
DA:48,2
DA:49,2
DA:50,1
DA:51,2
DA:52,2
DA:53,2
DA:54,2
DA:55,1
DA:56,1
DA:57,1
DA:58,1
DA:59,1
DA:60,1
DA:61,1
DA:62,1
DA:63,1
DA:64,1
DA:65,1
DA:66,1
LF:66
LH:66
BRDA:6,0,0,4
BRDA:8,1,0,1
BRDA:11,2,0,3
BRDA:13,3,0,2
BRDA:17,4,0,2
BRDA:21,5,0,1
BRDA:25,6,0,4
BRDA:29,7,0,2
BRDA:33,8,0,5
BRDA:35,9,0,4
BRDA:39,10,0,1
BRDA:44,11,0,2
BRDA:51,12,0,2
BRDA:55,13,0,1
BRF:14
BRH:14
end_of_record
TN:
SF:src/middlewares/errorHandlerMiddleware.ts
FN:8,errorHandlerMiddleware
FNF:1
FNH:1
FNDA:7,errorHandlerMiddleware
DA:1,1
DA:2,1
DA:3,1
DA:4,1
DA:5,1
DA:6,1
DA:7,1
DA:8,7
DA:9,7
DA:10,7
DA:11,7
DA:12,7
DA:13,7
DA:14,7
DA:15,7
DA:16,7
DA:17,6
DA:18,6
DA:19,1
DA:20,1
DA:21,1
LF:21
LH:21
BRDA:8,0,0,7
BRDA:16,1,0,6
BRDA:19,2,0,1
BRF:3
BRH:3
end_of_record
TN:
SF:src/repositories/recommendationRepository.ts
FN:5,create
FN:16,findAll
FN:26,getAmountByScore
FN:33,getFindAllFilter
FN:45,find
FN:51,findByName
FN:57,updateScore
FN:66,remove
FNF:8
FNH:8
FNDA:2,create
FNDA:10,findAll
FNDA:2,getAmountByScore
FNDA:10,getFindAllFilter
FNDA:8,find
FNDA:3,findByName
FNDA:3,updateScore
FNDA:1,remove
DA:1,1
DA:2,1
DA:3,1
DA:4,1
DA:5,2
DA:6,2
DA:7,2
DA:8,2
DA:9,2
DA:10,1
DA:11,1
DA:12,1
DA:13,1
DA:14,1
DA:15,1
DA:16,10
DA:17,10
DA:18,10
DA:19,10
DA:20,10
DA:21,10
DA:22,10
DA:23,10
DA:24,10
DA:25,1
DA:26,2
DA:27,2
DA:28,2
DA:29,2
DA:30,2
DA:31,2
DA:32,1
DA:33,10
DA:34,10
DA:35,10
DA:36,10
DA:37,5
DA:38,5
DA:39,5
DA:40,5
DA:41,5
DA:42,5
DA:43,5
DA:44,1
DA:45,8
DA:46,8
DA:47,8
DA:48,8
DA:49,8
DA:50,1
DA:51,3
DA:52,3
DA:53,3
DA:54,3
DA:55,3
DA:56,1
DA:57,3
DA:58,3
DA:59,3
DA:60,3
DA:61,3
DA:62,3
DA:63,3
DA:64,3
DA:65,1
DA:66,1
DA:67,1
DA:68,1
DA:69,1
DA:70,1
DA:71,1
DA:72,1
DA:73,1
DA:74,1
DA:75,1
DA:76,1
DA:77,1
DA:78,1
DA:79,1
DA:80,1
LF:80
LH:80
BRDA:5,0,0,2
BRDA:16,1,0,10
BRDA:26,2,0,2
BRDA:33,3,0,10
BRDA:36,4,0,5
BRDA:45,5,0,8
BRDA:51,6,0,3
BRDA:57,7,0,3
BRDA:66,8,0,1
BRF:9
BRH:9
end_of_record
TN:
SF:src/routers/recommendationRouter.ts
FNF:0
FNH:0
DA:1,1
DA:2,1
DA:3,1
DA:4,1
DA:5,1
DA:6,1
DA:7,1
DA:8,1
DA:9,1
DA:10,1
DA:11,1
DA:12,1
DA:13,1
DA:14,1
LF:14
LH:14
BRF:0
BRH:0
end_of_record
TN:
SF:src/schemas/recommendationsSchemas.ts
FNF:0
FNH:0
DA:1,1
DA:2,1
DA:3,1
DA:4,1
DA:5,1
DA:6,1
DA:7,1
DA:8,1
DA:9,1
LF:9
LH:9
BRF:0
BRH:0
end_of_record
TN:
SF:src/services/recommendationsService.ts
FN:7,insert
FN:17,upvote
FN:23,downvote
FN:36,getByIdOrFail
FN:43,get
FN:47,getTop
FN:51,getRandom
FN:64,getByScore
FN:77,getScoreFilter
FNF:9
FNH:9
FNDA:3,insert
FNDA:2,upvote
FNDA:4,downvote
FNDA:8,getByIdOrFail
FNDA:1,get
FNDA:2,getTop
FNDA:5,getRandom
FNDA:5,getByScore
FNDA:5,getScoreFilter
DA:1,1
DA:2,1
DA:3,1
DA:4,1
DA:5,1
DA:6,1
DA:7,3
DA:8,3
DA:9,3
DA:10,3
DA:11,3
DA:12,3
DA:13,2
DA:14,2
DA:15,2
DA:16,1
DA:17,2
DA:18,2
DA:19,1
DA:20,1
DA:21,1
DA:22,1
DA:23,4
DA:24,4
DA:25,2
DA:26,2
DA:27,2
DA:28,2
DA:29,2
DA:30,2
DA:31,4
DA:32,1
DA:33,1
DA:34,4
DA:35,1
DA:36,8
DA:37,8
DA:38,8
DA:39,4
DA:40,4
DA:41,4
DA:42,1
DA:43,1
DA:44,1
DA:45,1
DA:46,1
DA:47,2
DA:48,2
DA:49,2
DA:50,1
DA:51,5
DA:52,5
DA:53,5
DA:54,5
DA:55,5
DA:56,5
DA:57,1
DA:58,1
DA:59,4
DA:60,4
DA:61,4
DA:62,4
DA:63,1
DA:64,5
DA:65,5
DA:66,5
DA:67,5
DA:68,5
DA:69,5
DA:70,5
DA:71,1
DA:72,1
DA:73,4
DA:74,4
DA:75,4
DA:76,1
DA:77,5
DA:78,5
DA:79,4
DA:80,4
DA:81,1
DA:82,1
DA:83,1
DA:84,1
DA:85,1
DA:86,1
DA:87,1
DA:88,1
DA:89,1
DA:90,1
DA:91,1
DA:92,1
DA:93,1
LF:93
LH:93
BRDA:7,0,0,3
BRDA:12,1,0,1
BRDA:13,2,0,2
BRDA:17,3,0,2
BRDA:19,4,0,1
BRDA:23,5,0,4
BRDA:25,6,0,2
BRDA:31,7,0,1
BRDA:36,8,0,8
BRDA:38,9,0,7
BRDA:38,10,0,3
BRDA:39,11,0,4
BRDA:43,12,0,1
BRDA:47,13,0,2
BRDA:51,14,0,5
BRDA:56,15,0,1
BRDA:59,16,0,4
BRDA:64,17,0,5
BRDA:70,18,0,1
BRDA:73,19,0,4
BRDA:77,20,0,5
BRDA:78,21,0,4
BRDA:81,22,0,1
BRF:23
BRH:23
end_of_record
TN:
SF:src/utils/errorUtils.ts
FN:7,isAppError
FN:11,errorTypeToStatusCode
FN:19,conflictError
FN:23,notFoundError
FN:31,wrongSchemaError
FNF:5
FNH:5
FNDA:7,isAppError
FNDA:6,errorTypeToStatusCode
FNDA:1,conflictError
FNDA:4,notFoundError
FNDA:1,wrongSchemaError
DA:1,1
DA:2,1
DA:3,1
DA:4,1
DA:5,1
DA:6,1
DA:7,7
DA:8,7
DA:9,7
DA:10,1
DA:11,6
DA:12,6
DA:13,6
DA:14,1
DA:15,1
DA:16,0
DA:17,0
DA:18,1
DA:19,1
DA:20,1
DA:21,1
DA:22,1
DA:23,4
DA:24,4
DA:25,4
DA:26,1
DA:27,1
DA:28,1
DA:29,1
DA:30,1
DA:31,1
DA:32,1
DA:33,1
LF:33
LH:31
BRDA:7,0,0,7
BRDA:11,1,0,6
BRDA:12,2,0,1
BRDA:13,3,0,5
BRDA:13,4,0,4
BRDA:14,5,0,1
BRDA:16,6,0,0
BRDA:19,7,0,1
BRDA:20,8,0,0
BRDA:23,9,0,4
BRDA:24,10,0,0
BRDA:31,11,0,1
BRDA:32,12,0,0
BRF:13
BRH:9
end_of_record
TN:
SF:tests/factories/recommendationFactory.ts
FN:4,validObject
FN:12,invalidObject
FN:19,getValidId
FN:25,getTheWorstSongId
FNF:4
FNH:4
FNDA:2,validObject
FNDA:1,invalidObject
FNDA:3,getValidId
FNDA:1,getTheWorstSongId
DA:1,1
DA:2,1
DA:3,1
DA:4,2
DA:5,2
DA:6,2
DA:7,2
DA:8,2
DA:9,2
DA:10,1
DA:11,1
DA:12,1
DA:13,1
DA:14,1
DA:15,1
DA:16,1
DA:17,1
DA:18,1
DA:19,3
DA:20,3
DA:21,3
DA:22,3
DA:23,3
DA:24,1
DA:25,1
DA:26,1
DA:27,1
DA:28,1
DA:29,1
LF:29
LH:29
BRDA:4,0,0,2
BRDA:12,1,0,1
BRDA:19,2,0,3
BRDA:25,3,0,1
BRF:4
BRH:4
end_of_record
TN:
SF:tests/factories/scenarioFactory.ts
FN:4,disconnectPrisma
FN:8,bulkData
FN:17,deleteAll
FN:21,bulkDownvoteData
FNF:4
FNH:4
FNDA:1,disconnectPrisma
FNDA:7,bulkData
FNDA:14,deleteAll
FNDA:1,bulkDownvoteData
DA:1,1
DA:2,1
DA:3,1
DA:4,1
DA:5,1
DA:6,1
DA:7,1
DA:8,7
DA:9,7
DA:10,21
DA:11,21
DA:12,21
DA:13,7
DA:14,7
DA:15,7
DA:16,1
DA:17,14
DA:18,14
DA:19,14
DA:20,1
DA:21,1
DA:22,1
DA:23,6
DA:24,6
DA:25,6
DA:26,1
DA:27,1
DA:28,1
LF:28
LH:28
BRDA:4,0,0,1
BRDA:8,1,0,7
BRDA:9,2,0,21
BRDA:17,3,0,14
BRDA:21,4,0,1
BRDA:22,5,0,6
BRF:6
BRH:6
end_of_record
